info: OPTIONS /signup {"timestamp":"2024-01-08T05:24:53.074Z"}
info: OPTIONS /signup {"timestamp":"2024-01-08T05:25:28.173Z"}
info: OPTIONS /signup {"timestamp":"2024-01-08T05:31:56.952Z"}
info: POST /signup {"timestamp":"2024-01-08T05:31:56.978Z"}
info: OPTIONS /signup {"timestamp":"2024-01-08T05:32:24.853Z"}
info: POST /signup {"timestamp":"2024-01-08T05:32:24.863Z"}
info: OPTIONS /signup {"timestamp":"2024-01-08T05:34:28.632Z"}
info: POST /signup {"timestamp":"2024-01-08T05:34:28.649Z"}
info: OPTIONS /signup {"timestamp":"2024-01-08T05:53:23.933Z"}
info: OPTIONS /signup {"timestamp":"2024-01-08T05:53:23.968Z"}
info: OPTIONS /signup {"timestamp":"2024-01-08T05:53:23.989Z"}
info: OPTIONS /signup {"timestamp":"2024-01-08T05:53:24.003Z"}
info: OPTIONS /signup {"timestamp":"2024-01-08T05:53:24.015Z"}
info: OPTIONS /signup {"timestamp":"2024-01-08T05:53:24.037Z"}
info: OPTIONS /signup {"timestamp":"2024-01-08T05:53:24.047Z"}
info: OPTIONS /signup {"timestamp":"2024-01-08T05:53:24.053Z"}
info: OPTIONS /signup {"timestamp":"2024-01-08T05:53:24.063Z"}
info: POST /signup {"timestamp":"2024-01-08T05:53:24.066Z"}
info: POST /signup {"timestamp":"2024-01-08T05:53:24.081Z"}
info: POST /signup {"timestamp":"2024-01-08T05:53:24.106Z"}
info: POST /signup {"timestamp":"2024-01-08T05:53:24.117Z"}
info: POST /signup {"timestamp":"2024-01-08T05:53:24.139Z"}
info: POST /signup {"timestamp":"2024-01-08T05:53:24.192Z"}
info: POST /signup {"timestamp":"2024-01-08T05:53:24.201Z"}
info: POST /signup {"timestamp":"2024-01-08T05:53:24.229Z"}
info: POST /signup {"timestamp":"2024-01-08T05:53:24.470Z"}
info: OPTIONS /signup {"timestamp":"2024-01-08T06:12:36.346Z"}
info: POST /signup {"timestamp":"2024-01-08T06:12:36.354Z"}
info: OPTIONS /login {"timestamp":"2024-01-08T06:12:52.334Z"}
info: POST /login {"timestamp":"2024-01-08T06:12:52.343Z"}
info: OPTIONS /login {"timestamp":"2024-01-08T07:00:45.287Z"}
info: POST /login {"timestamp":"2024-01-08T07:00:45.297Z"}
info: POST /login {"timestamp":"2024-01-08T07:00:46.545Z"}
info: OPTIONS /login {"timestamp":"2024-01-08T07:00:59.303Z"}
info: POST /login {"timestamp":"2024-01-08T07:00:59.313Z"}
info: OPTIONS /login {"timestamp":"2024-01-08T07:20:34.579Z"}
info: POST /login {"timestamp":"2024-01-08T07:20:34.590Z"}
info: OPTIONS /signup {"timestamp":"2024-01-08T07:33:35.120Z"}
info: POST /signup {"timestamp":"2024-01-08T07:33:35.130Z"}
info: OPTIONS /login {"timestamp":"2024-01-08T07:33:44.160Z"}
info: POST /login {"timestamp":"2024-01-08T07:33:44.169Z"}
info: OPTIONS /signup {"timestamp":"2024-01-08T07:34:44.605Z"}
info: POST /signup {"timestamp":"2024-01-08T07:34:44.614Z"}
info: OPTIONS /login {"timestamp":"2024-01-08T07:39:54.429Z"}
info: POST /login {"timestamp":"2024-01-08T07:39:54.437Z"}
info: OPTIONS /login {"timestamp":"2024-01-08T08:50:15.576Z"}
info: POST /login {"timestamp":"2024-01-08T08:50:15.592Z"}
info: OPTIONS /login {"timestamp":"2024-01-08T08:50:28.843Z"}
info: POST /login {"timestamp":"2024-01-08T08:50:28.851Z"}
info: OPTIONS /login {"timestamp":"2024-01-08T08:56:30.693Z"}
info: POST /login {"timestamp":"2024-01-08T08:56:30.707Z"}
info: POST /login {"timestamp":"2024-01-08T08:56:32.480Z"}
info: OPTIONS /signup {"timestamp":"2024-01-08T08:56:43.935Z"}
info: POST /signup {"timestamp":"2024-01-08T08:56:43.949Z"}
info: POST /signup {"timestamp":"2024-01-08T08:56:45.404Z"}
info: OPTIONS /login {"timestamp":"2024-01-08T08:56:52.632Z"}
info: POST /login {"timestamp":"2024-01-08T08:56:52.641Z"}
info: OPTIONS /login {"timestamp":"2024-01-08T09:23:09.359Z"}
info: POST /login {"timestamp":"2024-01-08T09:23:09.374Z"}
info: POST /login {"timestamp":"2024-01-08T09:23:10.838Z"}
info: POST /login {"timestamp":"2024-01-08T09:23:14.062Z"}
info: OPTIONS /login {"timestamp":"2024-01-08T09:23:15.245Z"}
info: POST /login {"timestamp":"2024-01-08T09:23:15.257Z"}
info: OPTIONS /signup {"timestamp":"2024-01-08T09:23:46.596Z"}
info: POST /signup {"timestamp":"2024-01-08T09:23:46.605Z"}
info: OPTIONS /login {"timestamp":"2024-01-08T09:23:54.321Z"}
info: POST /login {"timestamp":"2024-01-08T09:23:54.331Z"}
info: OPTIONS /signup {"timestamp":"2024-01-08T11:15:22.573Z"}
info: POST /signup {"timestamp":"2024-01-08T11:15:22.597Z"}
info: OPTIONS /login {"timestamp":"2024-01-08T11:15:30.145Z"}
info: POST /login {"timestamp":"2024-01-08T11:15:30.156Z"}
info: OPTIONS /signup {"timestamp":"2024-01-09T03:41:50.347Z"}
info: POST /signup {"timestamp":"2024-01-09T03:41:50.364Z"}
info: POST /signup {"timestamp":"2024-01-09T03:41:51.644Z"}
info: OPTIONS /login {"timestamp":"2024-01-09T03:42:18.094Z"}
info: POST /login {"timestamp":"2024-01-09T03:42:18.106Z"}
info: OPTIONS /login {"timestamp":"2024-01-09T03:42:45.359Z"}
info: POST /login {"timestamp":"2024-01-09T03:42:45.369Z"}
info: OPTIONS /signup {"timestamp":"2024-01-09T08:57:59.285Z"}
info: POST /signup {"timestamp":"2024-01-09T08:57:59.308Z"}
info: OPTIONS /login {"timestamp":"2024-01-09T08:58:10.997Z"}
info: POST /login {"timestamp":"2024-01-09T08:58:11.006Z"}
info: OPTIONS /login {"timestamp":"2024-01-09T08:58:19.825Z"}
info: POST /login {"timestamp":"2024-01-09T08:58:19.835Z"}
info: OPTIONS /login {"timestamp":"2024-01-09T08:59:00.445Z"}
info: POST /login {"timestamp":"2024-01-09T08:59:00.454Z"}
info: OPTIONS /login {"timestamp":"2024-01-09T08:59:27.221Z"}
info: POST /login {"timestamp":"2024-01-09T08:59:27.231Z"}
info: OPTIONS /signup {"timestamp":"2024-01-09T11:07:47.798Z"}
info: POST /signup {"timestamp":"2024-01-09T11:07:47.815Z"}
info: POST /signup {"timestamp":"2024-01-09T11:07:49.326Z"}
info: POST /signup {"timestamp":"2024-01-09T11:07:51.072Z"}
info: OPTIONS /signup {"timestamp":"2024-01-09T11:08:05.221Z"}
info: POST /signup {"timestamp":"2024-01-09T11:08:05.235Z"}
info: OPTIONS /login {"timestamp":"2024-01-09T11:10:54.711Z"}
info: POST /login {"timestamp":"2024-01-09T11:10:54.727Z"}
info: OPTIONS /signup {"timestamp":"2024-01-09T11:11:22.144Z"}
info: POST /signup {"timestamp":"2024-01-09T11:11:22.156Z"}
info: OPTIONS /login {"timestamp":"2024-01-09T11:11:31.350Z"}
info: POST /login {"timestamp":"2024-01-09T11:11:31.359Z"}
info: OPTIONS /login {"timestamp":"2024-01-09T11:14:43.670Z"}
info: POST /login {"timestamp":"2024-01-09T11:14:43.690Z"}
info: OPTIONS /login {"timestamp":"2024-01-09T11:14:54.371Z"}
info: POST /login {"timestamp":"2024-01-09T11:14:54.389Z"}
info: OPTIONS /login {"timestamp":"2024-01-09T11:15:02.023Z"}
info: POST /login {"timestamp":"2024-01-09T11:15:02.034Z"}
info: POST /login {"timestamp":"2024-01-09T11:15:05.897Z"}
info: OPTIONS /signup {"timestamp":"2024-01-09T11:18:47.990Z"}
info: POST /signup {"timestamp":"2024-01-09T11:18:48.006Z"}
info: OPTIONS /login {"timestamp":"2024-01-09T11:30:58.570Z"}
info: POST /login {"timestamp":"2024-01-09T11:30:58.585Z"}
info: OPTIONS /login {"timestamp":"2024-01-09T11:31:05.341Z"}
info: POST /login {"timestamp":"2024-01-09T11:31:05.351Z"}
info: OPTIONS /login {"timestamp":"2024-01-10T04:09:35.755Z"}
info: POST /login {"timestamp":"2024-01-10T04:09:35.771Z"}
info: POST /login {"timestamp":"2024-01-10T04:09:37.302Z"}
info: OPTIONS /signup {"timestamp":"2024-01-10T05:56:40.825Z"}
info: POST /signup {"timestamp":"2024-01-10T05:56:40.842Z"}
info: POST /signup {"timestamp":"2024-01-10T05:56:41.505Z"}
info: POST /signup {"timestamp":"2024-01-10T05:56:43.038Z"}
info: OPTIONS /signup {"timestamp":"2024-01-10T05:56:57.168Z"}
info: POST /signup {"timestamp":"2024-01-10T05:56:57.245Z"}
info: OPTIONS /login {"timestamp":"2024-01-10T05:57:08.115Z"}
info: POST /login {"timestamp":"2024-01-10T05:57:08.126Z"}
info: OPTIONS /todo {"timestamp":"2024-01-10T09:35:50.779Z"}
info: POST /todo {"timestamp":"2024-01-10T09:35:50.806Z"}
info: OPTIONS /todo {"timestamp":"2024-01-10T09:36:40.935Z"}
info: POST /todo {"timestamp":"2024-01-10T09:36:40.951Z"}
info: OPTIONS /note {"timestamp":"2024-01-10T09:37:02.483Z"}
info: POST /note {"timestamp":"2024-01-10T09:37:02.496Z"}
info: OPTIONS /note {"timestamp":"2024-01-10T09:40:58.218Z"}
info: POST /note {"timestamp":"2024-01-10T09:40:58.234Z"}
info: OPTIONS /note {"timestamp":"2024-01-10T09:41:43.941Z"}
info: POST /note {"timestamp":"2024-01-10T09:41:43.952Z"}
info: OPTIONS /note {"timestamp":"2024-01-10T09:42:06.023Z"}
info: POST /note {"timestamp":"2024-01-10T09:42:06.033Z"}
info: OPTIONS /note {"timestamp":"2024-01-10T09:44:57.907Z"}
info: POST /note {"timestamp":"2024-01-10T09:44:57.924Z"}
info: OPTIONS /note {"timestamp":"2024-01-10T09:45:44.442Z"}
info: POST /note {"timestamp":"2024-01-10T09:45:44.460Z"}
info: OPTIONS /note {"timestamp":"2024-01-10T09:46:43.033Z"}
info: POST /note {"timestamp":"2024-01-10T09:46:43.049Z"}
info: OPTIONS /note {"timestamp":"2024-01-10T09:48:47.949Z"}
info: POST /note {"timestamp":"2024-01-10T09:48:47.960Z"}
info: OPTIONS /note {"timestamp":"2024-01-10T09:55:05.685Z"}
info: POST /note {"timestamp":"2024-01-10T09:55:05.697Z"}
info: OPTIONS /note {"timestamp":"2024-01-10T09:57:50.935Z"}
info: POST /note {"timestamp":"2024-01-10T09:57:50.947Z"}
info: POST /note {"timestamp":"2024-01-10T09:57:53.947Z"}
info: OPTIONS /note {"timestamp":"2024-01-10T10:00:05.879Z"}
info: POST /note {"timestamp":"2024-01-10T10:00:05.899Z"}
info: OPTIONS /note {"timestamp":"2024-01-10T10:50:39.992Z"}
info: POST /note {"timestamp":"2024-01-10T10:50:40.025Z"}
info: OPTIONS /note {"timestamp":"2024-01-10T11:03:51.077Z"}
info: POST /note {"timestamp":"2024-01-10T11:03:51.089Z"}
info: OPTIONS /note {"timestamp":"2024-01-10T11:10:06.141Z"}
info: POST /note {"timestamp":"2024-01-10T11:10:06.153Z"}
info: OPTIONS /note {"timestamp":"2024-01-10T11:31:38.431Z"}
info: POST /note {"timestamp":"2024-01-10T11:31:38.453Z"}
info: OPTIONS /note {"timestamp":"2024-01-10T11:31:44.654Z"}
info: POST /note {"timestamp":"2024-01-10T11:31:44.667Z"}
info: OPTIONS /note {"timestamp":"2024-01-10T11:32:17.921Z"}
info: POST /note {"timestamp":"2024-01-10T11:32:17.936Z"}
info: GET /note {"timestamp":"2024-01-10T15:54:50.394Z"}
info: GET /note {"timestamp":"2024-01-10T15:54:55.690Z"}
info: GET /note {"timestamp":"2024-01-10T17:35:32.499Z"}
info: GET /note {"timestamp":"2024-01-11T04:23:03.915Z"}
info: GET /note {"timestamp":"2024-01-11T04:23:08.410Z"}
info: GET /note {"timestamp":"2024-01-11T04:23:11.228Z"}
info: GET /note {"timestamp":"2024-01-11T04:23:15.745Z"}
info: GET /note {"timestamp":"2024-01-11T04:23:20.512Z"}
info: GET /note {"timestamp":"2024-01-11T04:30:06.373Z"}
info: GET /note {"timestamp":"2024-01-11T04:30:06.383Z"}
info: GET /note {"timestamp":"2024-01-11T04:37:30.953Z"}
info: GET /note {"timestamp":"2024-01-11T04:37:31.004Z"}
info: OPTIONS /note {"timestamp":"2024-01-11T04:53:03.831Z"}
info: POST /note {"timestamp":"2024-01-11T04:53:03.852Z"}
info: GET /note {"timestamp":"2024-01-11T05:18:51.863Z"}
info: GET /note {"timestamp":"2024-01-11T05:18:52.077Z"}
info: GET /folder {"timestamp":"2024-01-11T05:18:52.162Z"}
info: GET /folder {"timestamp":"2024-01-11T05:18:52.220Z"}
info: GET /note {"timestamp":"2024-01-11T05:21:00.087Z"}
info: GET /folder {"timestamp":"2024-01-11T05:21:00.311Z"}
info: GET /note {"timestamp":"2024-01-11T05:23:07.052Z"}
info: GET /folder {"timestamp":"2024-01-11T05:23:07.085Z"}
info: GET /note {"timestamp":"2024-01-11T05:23:07.882Z"}
info: GET /folder {"timestamp":"2024-01-11T05:23:07.925Z"}
info: GET /note {"timestamp":"2024-01-11T05:23:11.705Z"}
info: GET /folder {"timestamp":"2024-01-11T05:23:11.732Z"}
info: GET /note {"timestamp":"2024-01-11T05:25:57.460Z"}
info: GET /folder {"timestamp":"2024-01-11T05:25:57.597Z"}
info: GET /note {"timestamp":"2024-01-11T05:26:09.170Z"}
info: GET /note {"timestamp":"2024-01-11T05:26:09.247Z"}
info: GET /note {"timestamp":"2024-01-11T05:26:10.389Z"}
info: GET /note {"timestamp":"2024-01-11T05:26:10.436Z"}
info: GET /note {"timestamp":"2024-01-11T05:26:14.966Z"}
info: GET /folder {"timestamp":"2024-01-11T05:26:15.027Z"}
info: GET /folder {"timestamp":"2024-01-11T05:26:22.807Z"}
info: GET /folder {"timestamp":"2024-01-11T05:26:22.936Z"}
info: GET /note {"timestamp":"2024-01-11T05:26:53.323Z"}
info: GET /folder {"timestamp":"2024-01-11T05:26:53.462Z"}
info: GET /note {"timestamp":"2024-01-11T05:31:10.353Z"}
info: GET /folder {"timestamp":"2024-01-11T05:31:10.400Z"}
info: GET /note {"timestamp":"2024-01-11T05:42:42.333Z"}
info: GET /folder {"timestamp":"2024-01-11T05:42:42.901Z"}
info: GET /note {"timestamp":"2024-01-11T05:47:34.385Z"}
info: GET /folder {"timestamp":"2024-01-11T05:47:34.957Z"}
info: GET /note {"timestamp":"2024-01-11T05:47:35.126Z"}
info: GET /folder {"timestamp":"2024-01-11T05:47:35.217Z"}
info: GET /note {"timestamp":"2024-01-11T05:48:05.921Z"}
info: GET /folder {"timestamp":"2024-01-11T05:48:05.966Z"}
info: GET /note {"timestamp":"2024-01-11T05:48:06.281Z"}
info: GET /folder {"timestamp":"2024-01-11T05:48:06.330Z"}
info: GET /note {"timestamp":"2024-01-11T05:48:10.507Z"}
info: GET /folder {"timestamp":"2024-01-11T05:48:10.565Z"}
info: GET /note {"timestamp":"2024-01-11T05:49:22.974Z"}
info: GET /folder {"timestamp":"2024-01-11T05:49:23.022Z"}
info: GET /note {"timestamp":"2024-01-11T05:49:27.043Z"}
info: GET /folder {"timestamp":"2024-01-11T05:49:27.121Z"}
info: GET /note {"timestamp":"2024-01-11T05:49:27.612Z"}
info: GET /folder {"timestamp":"2024-01-11T05:49:27.773Z"}
info: GET /note {"timestamp":"2024-01-11T05:49:45.197Z"}
info: GET /folder {"timestamp":"2024-01-11T05:49:45.259Z"}
info: GET /note {"timestamp":"2024-01-11T05:49:46.020Z"}
info: GET /folder {"timestamp":"2024-01-11T05:49:46.648Z"}
info: GET /note {"timestamp":"2024-01-11T05:49:47.304Z"}
info: GET /folder {"timestamp":"2024-01-11T05:49:47.410Z"}
info: GET /note {"timestamp":"2024-01-11T05:50:00.669Z"}
info: GET /folder {"timestamp":"2024-01-11T05:50:00.705Z"}
info: GET /note {"timestamp":"2024-01-11T05:50:00.816Z"}
info: GET /folder {"timestamp":"2024-01-11T05:50:00.863Z"}
info: GET /note {"timestamp":"2024-01-11T05:50:15.249Z"}
info: GET /folder {"timestamp":"2024-01-11T05:50:15.598Z"}
info: GET /note {"timestamp":"2024-01-11T05:50:16.700Z"}
info: GET /folder {"timestamp":"2024-01-11T05:50:16.737Z"}
info: GET /note {"timestamp":"2024-01-11T05:50:16.852Z"}
info: GET /folder {"timestamp":"2024-01-11T05:50:16.903Z"}
info: GET /note {"timestamp":"2024-01-11T05:50:35.364Z"}
info: GET /folder {"timestamp":"2024-01-11T05:50:35.405Z"}
info: GET /note {"timestamp":"2024-01-11T05:50:35.631Z"}
info: GET /folder {"timestamp":"2024-01-11T05:50:35.701Z"}
info: GET /note {"timestamp":"2024-01-11T05:50:43.251Z"}
info: GET /folder {"timestamp":"2024-01-11T05:50:43.307Z"}
info: GET /note {"timestamp":"2024-01-11T05:50:43.409Z"}
info: GET /folder {"timestamp":"2024-01-11T05:50:43.513Z"}
info: GET /note {"timestamp":"2024-01-11T05:50:48.218Z"}
info: GET /folder {"timestamp":"2024-01-11T05:50:48.277Z"}
info: GET /note {"timestamp":"2024-01-11T05:50:48.366Z"}
info: GET /folder {"timestamp":"2024-01-11T05:50:48.436Z"}
info: GET /note {"timestamp":"2024-01-11T05:51:05.228Z"}
info: GET /folder {"timestamp":"2024-01-11T05:51:05.318Z"}
info: GET /note {"timestamp":"2024-01-11T05:51:07.062Z"}
info: GET /folder {"timestamp":"2024-01-11T05:51:07.115Z"}
info: GET /note {"timestamp":"2024-01-11T05:51:17.714Z"}
info: GET /folder {"timestamp":"2024-01-11T05:51:17.816Z"}
info: GET /note {"timestamp":"2024-01-11T05:51:18.376Z"}
info: GET /folder {"timestamp":"2024-01-11T05:51:18.414Z"}
info: GET /note {"timestamp":"2024-01-11T05:51:27.933Z"}
info: GET /folder {"timestamp":"2024-01-11T05:51:27.974Z"}
info: GET /note {"timestamp":"2024-01-11T05:51:30.889Z"}
info: GET /folder {"timestamp":"2024-01-11T05:51:30.938Z"}
info: GET /note {"timestamp":"2024-01-11T05:51:40.566Z"}
info: GET /folder {"timestamp":"2024-01-11T05:51:40.627Z"}
info: GET /note {"timestamp":"2024-01-11T05:51:43.239Z"}
info: GET /folder {"timestamp":"2024-01-11T05:51:43.284Z"}
info: GET /note {"timestamp":"2024-01-11T05:51:46.099Z"}
info: GET /folder {"timestamp":"2024-01-11T05:51:46.170Z"}
info: GET /note {"timestamp":"2024-01-11T05:51:48.150Z"}
info: GET /folder {"timestamp":"2024-01-11T05:51:48.202Z"}
info: GET /note {"timestamp":"2024-01-11T05:51:53.780Z"}
info: GET /folder {"timestamp":"2024-01-11T05:51:54.042Z"}
info: GET /note {"timestamp":"2024-01-11T05:51:54.898Z"}
info: GET /folder {"timestamp":"2024-01-11T05:51:56.229Z"}
info: GET /note {"timestamp":"2024-01-11T05:54:58.514Z"}
info: GET /folder {"timestamp":"2024-01-11T05:54:58.595Z"}
info: GET /note {"timestamp":"2024-01-11T05:54:59.313Z"}
info: GET /folder {"timestamp":"2024-01-11T05:54:59.368Z"}
info: GET /note {"timestamp":"2024-01-11T05:55:11.278Z"}
info: GET /folder {"timestamp":"2024-01-11T05:55:11.423Z"}
info: GET /note {"timestamp":"2024-01-11T05:55:14.118Z"}
info: GET /folder {"timestamp":"2024-01-11T05:55:14.178Z"}
info: GET /note {"timestamp":"2024-01-11T05:55:22.991Z"}
info: GET /folder {"timestamp":"2024-01-11T05:55:23.137Z"}
info: GET /note {"timestamp":"2024-01-11T05:55:25.679Z"}
info: GET /folder {"timestamp":"2024-01-11T05:55:25.779Z"}
info: GET /note {"timestamp":"2024-01-11T05:55:30.400Z"}
info: GET /folder {"timestamp":"2024-01-11T05:55:30.493Z"}
info: GET /note {"timestamp":"2024-01-11T05:55:31.024Z"}
info: GET /folder {"timestamp":"2024-01-11T05:55:31.076Z"}
info: GET /note {"timestamp":"2024-01-11T06:01:12.386Z"}
info: GET /folder {"timestamp":"2024-01-11T06:01:13.319Z"}
info: GET /note {"timestamp":"2024-01-11T06:01:13.935Z"}
info: GET /folder {"timestamp":"2024-01-11T06:01:13.985Z"}
info: GET /note {"timestamp":"2024-01-11T06:01:20.197Z"}
info: GET /folder {"timestamp":"2024-01-11T06:01:20.274Z"}
info: GET /note {"timestamp":"2024-01-11T06:01:20.993Z"}
info: GET /folder {"timestamp":"2024-01-11T06:01:21.136Z"}
info: GET /note {"timestamp":"2024-01-11T06:01:32.602Z"}
info: GET /folder {"timestamp":"2024-01-11T06:01:32.714Z"}
info: GET /note {"timestamp":"2024-01-11T06:03:33.884Z"}
info: GET /folder {"timestamp":"2024-01-11T06:03:34.026Z"}
info: GET /note {"timestamp":"2024-01-11T06:04:07.608Z"}
info: GET /folder {"timestamp":"2024-01-11T06:04:07.755Z"}
info: GET /note {"timestamp":"2024-01-11T06:07:41.706Z"}
info: GET /folder {"timestamp":"2024-01-11T06:07:41.906Z"}
info: GET /note {"timestamp":"2024-01-11T06:07:44.205Z"}
info: GET /folder {"timestamp":"2024-01-11T06:07:44.225Z"}
info: GET /note {"timestamp":"2024-01-11T06:08:37.026Z"}
info: GET /folder {"timestamp":"2024-01-11T06:08:37.104Z"}
info: GET /note {"timestamp":"2024-01-11T06:11:38.982Z"}
info: GET /folder {"timestamp":"2024-01-11T06:11:39.393Z"}
info: GET /note {"timestamp":"2024-01-11T06:11:40.341Z"}
info: GET /folder {"timestamp":"2024-01-11T06:11:40.442Z"}
info: GET /note {"timestamp":"2024-01-11T06:31:06.837Z"}
info: GET /folder {"timestamp":"2024-01-11T06:31:07.194Z"}
info: GET /note {"timestamp":"2024-01-11T06:33:37.461Z"}
info: GET /folder {"timestamp":"2024-01-11T06:33:37.670Z"}
info: GET /folder {"timestamp":"2024-01-11T07:41:59.240Z"}
info: GET /folder {"timestamp":"2024-01-11T07:45:25.025Z"}
info: GET /folder {"timestamp":"2024-01-11T07:46:17.360Z"}
info: GET /folder {"timestamp":"2024-01-11T07:46:19.001Z"}
info: GET /folder {"timestamp":"2024-01-11T07:51:56.706Z"}
info: GET /folder {"timestamp":"2024-01-11T07:52:02.222Z"}
info: OPTIONS /note {"timestamp":"2024-01-11T08:21:10.390Z"}
info: POST /note {"timestamp":"2024-01-11T08:21:10.419Z"}
info: GET /folder {"timestamp":"2024-01-11T08:21:12.556Z"}
info: GET /folder {"timestamp":"2024-01-11T09:09:03.141Z"}
info: GET /note {"timestamp":"2024-01-11T09:09:31.721Z"}
info: GET /folder {"timestamp":"2024-01-11T09:09:31.821Z"}
info: GET /note {"timestamp":"2024-01-11T09:09:32.528Z"}
info: GET /folder {"timestamp":"2024-01-11T09:09:32.574Z"}
info: GET /note {"timestamp":"2024-01-11T09:09:33.914Z"}
info: GET /folder {"timestamp":"2024-01-11T09:09:33.962Z"}
info: GET /note {"timestamp":"2024-01-11T09:09:45.021Z"}
info: GET /folder {"timestamp":"2024-01-11T09:09:45.081Z"}
info: GET /note {"timestamp":"2024-01-11T09:09:45.163Z"}
info: GET /folder {"timestamp":"2024-01-11T09:09:45.255Z"}
info: GET /note {"timestamp":"2024-01-11T09:09:58.367Z"}
info: GET /folder {"timestamp":"2024-01-11T09:09:58.533Z"}
info: GET /note {"timestamp":"2024-01-11T09:10:01.019Z"}
info: GET /folder {"timestamp":"2024-01-11T09:10:01.157Z"}
info: GET /note {"timestamp":"2024-01-11T09:10:01.339Z"}
info: GET /folder {"timestamp":"2024-01-11T09:10:01.374Z"}
info: OPTIONS /note {"timestamp":"2024-01-11T09:10:02.273Z"}
info: POST /note {"timestamp":"2024-01-11T09:10:02.287Z"}
info: OPTIONS /note {"timestamp":"2024-01-11T09:11:46.675Z"}
info: POST /note {"timestamp":"2024-01-11T09:11:46.686Z"}
info: OPTIONS /note {"timestamp":"2024-01-11T09:12:01.665Z"}
info: POST /note {"timestamp":"2024-01-11T09:12:01.679Z"}
info: OPTIONS /note {"timestamp":"2024-01-11T09:12:07.262Z"}
info: POST /note {"timestamp":"2024-01-11T09:12:07.274Z"}
info: OPTIONS /note {"timestamp":"2024-01-11T09:15:00.422Z"}
info: OPTIONS /note {"timestamp":"2024-01-11T09:15:00.439Z"}
info: POST /note {"timestamp":"2024-01-11T09:15:00.445Z"}
info: POST /note {"timestamp":"2024-01-11T09:15:00.499Z"}
info: GET /note {"timestamp":"2024-01-11T09:15:01.641Z"}
info: GET /folder {"timestamp":"2024-01-11T09:15:01.674Z"}
info: POST /note {"timestamp":"2024-01-11T09:15:03.203Z"}
info: OPTIONS /note {"timestamp":"2024-01-11T09:16:20.844Z"}
info: POST /note {"timestamp":"2024-01-11T09:16:20.856Z"}
info: OPTIONS /note {"timestamp":"2024-01-11T09:21:19.144Z"}
info: POST /note {"timestamp":"2024-01-11T09:21:19.163Z"}
info: GET /folder {"timestamp":"2024-01-11T09:22:38.291Z"}
info: GET /folder {"timestamp":"2024-01-11T09:22:41.000Z"}
info: GET /folder {"timestamp":"2024-01-11T09:22:41.856Z"}
info: OPTIONS /note {"timestamp":"2024-01-11T09:22:42.799Z"}
info: POST /note {"timestamp":"2024-01-11T09:22:42.813Z"}
info: OPTIONS /note {"timestamp":"2024-01-11T09:31:17.490Z"}
info: POST /note {"timestamp":"2024-01-11T09:31:17.501Z"}
info: OPTIONS /note {"timestamp":"2024-01-11T09:32:27.954Z"}
info: POST /note {"timestamp":"2024-01-11T09:32:27.976Z"}
info: GET /folder {"timestamp":"2024-01-11T09:34:26.068Z"}
info: OPTIONS /note {"timestamp":"2024-01-11T09:34:26.084Z"}
info: POST /note {"timestamp":"2024-01-11T09:34:26.103Z"}
info: OPTIONS /note {"timestamp":"2024-01-11T09:37:24.982Z"}
info: POST /note {"timestamp":"2024-01-11T09:37:24.998Z"}
info: GET /folder {"timestamp":"2024-01-11T09:38:37.536Z"}
info: OPTIONS /note {"timestamp":"2024-01-11T09:38:38.865Z"}
info: POST /note {"timestamp":"2024-01-11T09:38:38.878Z"}
info: OPTIONS /note {"timestamp":"2024-01-11T09:44:35.274Z"}
info: POST /note {"timestamp":"2024-01-11T09:44:35.292Z"}
info: OPTIONS /note {"timestamp":"2024-01-11T09:45:41.043Z"}
info: POST /note {"timestamp":"2024-01-11T09:45:41.084Z"}
info: OPTIONS /note {"timestamp":"2024-01-11T09:46:43.934Z"}
info: POST /note {"timestamp":"2024-01-11T09:46:43.954Z"}
info: GET /folder {"timestamp":"2024-01-11T10:00:07.953Z"}
info: OPTIONS /note {"timestamp":"2024-01-11T10:00:10.525Z"}
info: POST /note {"timestamp":"2024-01-11T10:00:10.537Z"}
info: GET /folder {"timestamp":"2024-01-11T10:44:50.429Z"}
info: GET /folder {"timestamp":"2024-01-11T11:03:50.207Z"}
info: GET /folder {"timestamp":"2024-01-11T11:19:10.955Z"}
info: GET /notes/1 {"timestamp":"2024-01-11T11:19:20.114Z"}
info: GET /folder {"timestamp":"2024-01-11T11:20:17.499Z"}
info: GET /notes/1 {"timestamp":"2024-01-11T11:20:18.875Z"}
info: GET /notes/1 {"timestamp":"2024-01-11T11:21:48.868Z"}
info: GET /folder {"timestamp":"2024-01-11T11:27:20.065Z"}
info: GET /folder {"timestamp":"2024-01-11T11:27:40.940Z"}
info: GET /folder {"timestamp":"2024-01-11T11:27:49.967Z"}
info: GET /notes/1 {"timestamp":"2024-01-11T11:27:55.946Z"}
info: GET /folder {"timestamp":"2024-01-11T11:31:57.396Z"}
info: GET /note/1 {"timestamp":"2024-01-11T11:31:59.799Z"}
info: GET /note/1 {"timestamp":"2024-01-11T11:33:11.310Z"}
